
scontrol show jobid 5509072
JobId=5509072 JobName=HPCG_c
   UserId=lcl_uotiscsccs1041(1911041) GroupId=lcl_uotiscscc(1910004) MCS_label=N/A
   Priority=1455567 Nice=0 Account=lcl-uotiscsccs1041 QOS=normal
   JobState=COMPLETING Reason=None Dependency=(null)
   Requeue=0 Restarts=0 BatchFlag=1 Reboot=0 ExitCode=0:0
   RunTime=00:32:33 TimeLimit=01:00:00 TimeMin=N/A
   SubmitTime=2021-06-18T16:59:17 EligibleTime=2021-06-18T16:59:17
   AccrueTime=2021-06-18T16:59:17
   StartTime=2021-06-18T17:01:48 EndTime=2021-06-18T17:34:21 Deadline=N/A
   SuspendTime=None SecsPreSuspend=0 LastSchedEval=2021-06-18T17:01:48
   Partition=compute AllocNode:Sid=nia-login07:106277
   ReqNodeList=(null) ExcNodeList=(null)
   NodeList=nia[1526-1529]
   BatchHost=nia1526
   NumNodes=4 NumCPUs=320 NumTasks=160 CPUs/Task=1 ReqB:S:C:T=0:0:*:*
   TRES=cpu=320,mem=700000M,node=4,billing=160
   Socks/Node=* NtasksPerN:B:S:C=40:0:*:* CoreSpec=*
   MinCPUsNode=40 MinMemoryNode=175000M MinTmpDiskNode=0
   Features=[skylake|cascade] DelayBoot=00:00:00
   OverSubscribe=NO Contiguous=0 Licenses=(null) Network=(null)
   Command=/gpfs/fs0/scratch/l/lcl_uotiscscc/lcl_uotiscsccs1041/HPCG/104/slurm.sh
   WorkDir=/gpfs/fs0/scratch/l/lcl_uotiscscc/lcl_uotiscsccs1041/HPCG/104
   StdErr=/gpfs/fs0/scratch/l/lcl_uotiscscc/lcl_uotiscsccs1041/HPCG/104/slurm-5509072.out
   StdIn=/dev/null
   StdOut=/gpfs/fs0/scratch/l/lcl_uotiscscc/lcl_uotiscsccs1041/HPCG/104/slurm-5509072.out
   Power=
   MailUser=lcl_uotiscsccs1041@scinet.local MailType=NONE

sacct -j 5509072
       JobID    JobName    Account    Elapsed  MaxVMSize     MaxRSS  SystemCPU    UserCPU ExitCode 
------------ ---------- ---------- ---------- ---------- ---------- ---------- ---------- -------- 
5509072          HPCG_c lcl-uotis+   00:32:33                        13:18.780 3-14:03:47      0:0 
5509072.bat+      batch lcl-uotis+   00:32:33    814860K     11872K  00:00.265  00:00.298      0:0 
5509072.ext+     extern lcl-uotis+   00:32:33    138360K      1068K   00:00:00  00:00.003      0:0 
5509072.0    hydra_bst+ lcl-uotis+   00:32:27 181716684K  42868308K  13:18.515 3-14:03:47      0:0 
