2021-06-19 19:36:35 [40] <timers.cpp:481>  ------- Elapsed time for FastqReader construct competition1.fastq: 0.000210029 ------- 
2021-06-19 19:36:35 [40] <fastq.cpp:415> Opened /home/l/lcl_uotiscscc/lcl_uotiscsccs1041/isc21-scc/downloads/competition1.fastq in 0.000350342s.
2021-06-19 19:36:35 [40] <fastq.cpp:485> Reading fastq file /home/l/lcl_uotiscscc/lcl_uotiscsccs1041/isc21-scc/downloads/competition1.fastq at pos 10494842294 10494842294 seek 0.000195836s io to open+find+seek 0.000567091s
2021-06-19 19:36:35 [40] <merge_reads.cpp:144> Found 716859 in file 0, total=716859
2021-06-19 19:36:35 [40] <fastq.cpp:465> advised /home/l/lcl_uotiscscc/lcl_uotiscsccs1041/isc21-scc/downloads/competition1.fastq POSIX_FADV_SEQUENTIAL in 6.571e-06s
2021-06-19 19:36:35 [40] <mem_profile.cpp:106> MemoryTrackerThread free_mem=172.19GB
2021-06-19 19:36:36 [40] <mem_profile.cpp:106> MemoryTrackerThread free_mem=170.97GB
2021-06-19 19:36:36 [40] <mem_profile.cpp:106> MemoryTrackerThread free_mem=169.41GB
2021-06-19 19:36:38 [40] <mem_profile.cpp:106> MemoryTrackerThread free_mem=166.18GB
2021-06-19 19:36:38 [40] <fastq.cpp:468> advised /home/l/lcl_uotiscscc/lcl_uotiscsccs1041/isc21-scc/downloads/competition1.fastq POSIX_FADV_DONTNEED in 5.82e-06s
2021-06-19 19:36:38 [40] <timers.cpp:481>  --------- Elapsed time for merging competition1.fastq: 3.35022 --------- 
2021-06-19 19:36:39 [40] <packed_reads.cpp:281> Loaded Packed Reads Free memory: 166.10GB, stat: 174962 (mhm2) R 174901 174962 174901 0 -1 4202560 176940 0 0 0 437 94 0 0 20 0 2 0 70926230 20981583872 191524 18446744073709551615 4194304 9901056 140729754947392 140729754937936 139905245300573 0 0 0 21743 18446744073709551615 0 0 17 40 0 0 0 0 0 11999976 12018921 22695936 140729754954361 140729754954581 140729754954581 140729754959788 0
2021-06-19 19:36:40 [40] <mem_profile.cpp:106> MemoryTrackerThread free_mem=143.14GB
2021-06-19 19:36:40 [40] <mem_profile.cpp:106> MemoryTrackerThread free_mem=104.72GB
2021-06-19 19:37:07 [40] <klign.cpp:760> Estimated room for 577216 my final count 478805
2021-06-19 19:37:27 [40] <klign.cpp:572> Stole from kernel block 20000 alignments in 0.910449s (21967.2 aln/s), while waiting for previous block to complete - THE ENTIRE BLOCK
2021-06-19 19:37:42 [40] <klign.cpp:572> Stole from kernel block 20000 alignments in 0.899022s (22246.4 aln/s), while waiting for previous block to complete - THE ENTIRE BLOCK
2021-06-19 19:37:42 [40] <klign.cpp:572> Stole from kernel block 1982 alignments in 0.0905221s (21895.2 aln/s), while waiting for previous block to complete - THE ENTIRE BLOCK
2021-06-19 19:37:43 [40] <timers.cpp:634> alignments.cpp:sort_alns completed in 1.01931 s
2021-06-19 19:37:55 [40] <mem_profile.cpp:106> MemoryTrackerThread free_mem=68.97GB
2021-06-19 19:37:55 [40] <mem_profile.cpp:106> MemoryTrackerThread free_mem=65.84GB
2021-06-19 19:38:26 [40] <klign.cpp:760> Estimated room for 622768 my final count 516032
2021-06-19 19:38:44 [40] <klign.cpp:572> Stole from kernel block 20000 alignments in 0.907538s (22037.6 aln/s), while waiting for previous block to complete - THE ENTIRE BLOCK
2021-06-19 19:39:01 [40] <klign.cpp:572> Stole from kernel block 20000 alignments in 0.959993s (20833.5 aln/s), while waiting for previous block to complete - THE ENTIRE BLOCK
2021-06-19 19:39:02 [40] <klign.cpp:572> Stole from kernel block 4800 alignments in 0.251349s (19097 aln/s), while waiting for previous block to complete - THE ENTIRE BLOCK
2021-06-19 19:39:02 [40] <timers.cpp:634> alignments.cpp:sort_alns completed in 0.799539 s
2021-06-19 19:40:16 [40] <klign.cpp:760> Estimated room for 644735 my final count 534175
2021-06-19 19:40:36 [40] <klign.cpp:572> Stole from kernel block 20000 alignments in 1.04491s (19140.4 aln/s), while waiting for previous block to complete - THE ENTIRE BLOCK
2021-06-19 19:40:54 [40] <klign.cpp:572> Stole from kernel block 18308 alignments in 0.931608s (19652 aln/s), while waiting for previous block to complete - THE ENTIRE BLOCK
2021-06-19 19:40:55 [40] <timers.cpp:634> alignments.cpp:sort_alns completed in 0.763896 s
2021-06-19 19:42:08 [40] <klign.cpp:760> Estimated room for 649710 my final count 540724
2021-06-19 19:42:34 [40] <klign.cpp:572> Stole from kernel block 20000 alignments in 1.08047s (18510.5 aln/s), while waiting for previous block to complete - THE ENTIRE BLOCK
2021-06-19 19:42:48 [40] <klign.cpp:572> Stole from kernel block 14262 alignments in 0.803189s (17756.7 aln/s), while waiting for previous block to complete - THE ENTIRE BLOCK
2021-06-19 19:42:49 [40] <timers.cpp:634> alignments.cpp:sort_alns completed in 0.949301 s
2021-06-19 19:43:26 [40] <klign.cpp:760> Estimated room for 643353 my final count 535065
2021-06-19 19:43:58 [40] <klign.cpp:572> Stole from kernel block 20000 alignments in 1.13897s (17559.7 aln/s), while waiting for previous block to complete - THE ENTIRE BLOCK
2021-06-19 19:44:05 [40] <klign.cpp:572> Stole from kernel block 7669 alignments in 0.439442s (17451.7 aln/s), while waiting for previous block to complete - THE ENTIRE BLOCK
2021-06-19 19:44:06 [40] <timers.cpp:634> alignments.cpp:sort_alns completed in 0.724765 s
2021-06-19 19:44:24 [40] <klign.cpp:760> Estimated room for 1.27291e+06 my final count 524673
2021-06-19 19:44:48 [40] <klign.cpp:572> Stole from kernel block 20000 alignments in 1.10275s (18136.4 aln/s), while waiting for previous block to complete - THE ENTIRE BLOCK
2021-06-19 19:44:57 [40] <klign.cpp:572> Stole from kernel block 11579 alignments in 0.620996s (18645.9 aln/s), while waiting for previous block to complete - THE ENTIRE BLOCK
2021-06-19 19:44:58 [40] <timers.cpp:634> alignments.cpp:sort_alns completed in 0.8025 s
2021-06-19 19:45:12 [40] <packed_reads.cpp:186> Clearing Packed Reads Free memory: 65.76GB, stat: 174962 (mhm2) R 174901 174962 174901 0 -1 4202560 882665 0 0 0 37411 2556 0 0 20 0 3 0 70926230 23545303040 927793 18446744073709551615 4194304 9901056 140729754947392 140729754855872 139905245300573 0 0 0 21743 18446744073709551615 0 0 17 40 0 0 4 0 0 11999976 12018921 22695936 140729754954361 140729754954581 140729754954581 140729754959788 0
2021-06-19 19:45:12 [40] <packed_reads.cpp:191> Cleared Packed Reads Free memory: 65.76GB, stat: 174962 (mhm2) R 174901 174962 174901 0 -1 4202560 898655 0 0 0 37418 2556 0 0 20 0 3 0 70926230 23545303040 927794 18446744073709551615 4194304 9901056 140729754947392 140729754855872 139905245300573 0 0 0 21743 18446744073709551615 0 0 17 40 0 0 4 0 0 11999976 12018921 22695936 140729754954361 140729754954581 140729754954581 140729754959788 0
2021-06-19 19:45:13 [40] <ofstream.cpp:863> dist_ofstream(ofname=final_assembly.fasta append=0)
2021-06-19 19:45:13 [40] <ofstream.cpp:764> append_batch_collective(fname=final_assembly.fasta sh_ss bytes=269087, block_size=16777216)
2021-06-19 19:45:13 [40] <ofstream.cpp:430> Writing times: final_assembly.fasta duration 0.0000s open 0.0000s io 0.0000s net 0.0166s s bytes 262.78KB wrote 0B
2021-06-19 19:45:13 [40] <ofstream.cpp:446> Closed upcxx_utils::ofstream final_assembly.fasta with 269087 flushed bytes (0 written) and 0 async and 1 collective operations final_assembly.fasta network latency: 0.02 s 3 count final_assembly.fasta io: 0.00 s
2021-06-19 19:45:13 [40] <thread_pool.cpp:126> Worker joined after executing 6 tasks over 5.06017 s.
