############################################################
GPAW benchmark: Copper Filament
  dimensions: x=2, y=2, z=4
  grid spacing: h=0.220000
  Brillouin-zone sampling: kpts=(1, 1, 8)
  MPI tasks: 320
############################################################

Free energy: -302.79282335846347

scontrol show jobid 5414109
JobId=5414109 JobName=gpaw_copper_4
   UserId=lcl_uotiscsccs1041(1911041) GroupId=lcl_uotiscscc(1910004) MCS_label=N/A
   Priority=2588532 Nice=0 Account=lcl-uotiscsccs1041 QOS=normal
   JobState=COMPLETING Reason=None Dependency=(null)
   Requeue=0 Restarts=0 BatchFlag=1 Reboot=0 ExitCode=0:0
   RunTime=00:06:03 TimeLimit=01:00:00 TimeMin=N/A
   SubmitTime=2021-05-26T14:56:22 EligibleTime=2021-05-26T14:56:22
   AccrueTime=2021-05-26T14:56:22
   StartTime=2021-05-26T14:56:24 EndTime=2021-05-26T15:02:27 Deadline=N/A
   SuspendTime=None SecsPreSuspend=0 LastSchedEval=2021-05-26T14:56:24
   Partition=compute AllocNode:Sid=nia-login02:396239
   ReqNodeList=(null) ExcNodeList=(null)
   NodeList=nia[0029,0126,0418,0436]
   BatchHost=nia0029
   NumNodes=4 NumCPUs=320 NumTasks=320 CPUs/Task=1 ReqB:S:C:T=0:0:*:*
   TRES=cpu=320,mem=700000M,node=4,billing=160
   Socks/Node=* NtasksPerN:B:S:C=0:0:*:* CoreSpec=*
   MinCPUsNode=1 MinMemoryNode=175000M MinTmpDiskNode=0
   Features=[skylake|cascade] DelayBoot=00:00:00
   OverSubscribe=NO Contiguous=0 Licenses=(null) Network=(null)
   Command=/gpfs/fs0/scratch/l/lcl_uotiscscc/lcl_uotiscsccs1041/GPAW/test2/gpaw_copper.sh
   WorkDir=/gpfs/fs0/scratch/l/lcl_uotiscscc/lcl_uotiscsccs1041/GPAW/test2
   StdErr=/gpfs/fs0/scratch/l/lcl_uotiscscc/lcl_uotiscsccs1041/GPAW/test2/slurm-5414109.out
   StdIn=/dev/null
   StdOut=/gpfs/fs0/scratch/l/lcl_uotiscscc/lcl_uotiscsccs1041/GPAW/test2/slurm-5414109.out
   Power=
   MailUser=lcl_uotiscsccs1041@scinet.local MailType=NONE

sacct -j 5414109
       JobID    JobName    Account    Elapsed  MaxVMSize     MaxRSS  SystemCPU    UserCPU ExitCode 
------------ ---------- ---------- ---------- ---------- ---------- ---------- ---------- -------- 
5414109      gpaw_copp+ lcl-uotis+   00:06:03                        10:08.628 1-06:20:05      0:0 
5414109.bat+      batch lcl-uotis+   00:06:03    814840K     11972K  00:00.259  00:00.243      0:0 
5414109.ext+     extern lcl-uotis+   00:06:03    138360K      1068K   00:00:00  00:00.003      0:0 
5414109.0    hydra_bst+ lcl-uotis+   00:06:00 481218028K  46778852K  10:08.368 1-06:20:05      0:0 
