############################################################
GPAW benchmark: Copper Filament
  dimensions: x=2, y=2, z=4
  grid spacing: h=0.220000
  Brillouin-zone sampling: kpts=(1, 1, 8)
  MPI tasks: 160
############################################################

Free energy: -302.7928233579069

scontrol show jobid 5414048
JobId=5414048 JobName=gpaw_copper_2
   UserId=lcl_uotiscsccs1041(1911041) GroupId=lcl_uotiscscc(1910004) MCS_label=N/A
   Priority=2606152 Nice=0 Account=lcl-uotiscsccs1041 QOS=normal
   JobState=COMPLETING Reason=None Dependency=(null)
   Requeue=0 Restarts=0 BatchFlag=1 Reboot=0 ExitCode=0:0
   RunTime=00:10:06 TimeLimit=01:00:00 TimeMin=N/A
   SubmitTime=2021-05-26T14:26:27 EligibleTime=2021-05-26T14:26:27
   AccrueTime=2021-05-26T14:26:27
   StartTime=2021-05-26T14:26:28 EndTime=2021-05-26T14:36:34 Deadline=N/A
   SuspendTime=None SecsPreSuspend=0 LastSchedEval=2021-05-26T14:26:28
   Partition=compute AllocNode:Sid=nia-login02:86382
   ReqNodeList=(null) ExcNodeList=(null)
   NodeList=nia[0273,0926]
   BatchHost=nia0273
   NumNodes=2 NumCPUs=160 NumTasks=160 CPUs/Task=1 ReqB:S:C:T=0:0:*:*
   TRES=cpu=160,mem=350000M,node=2,billing=80
   Socks/Node=* NtasksPerN:B:S:C=0:0:*:* CoreSpec=*
   MinCPUsNode=1 MinMemoryNode=175000M MinTmpDiskNode=0
   Features=[skylake|cascade] DelayBoot=00:00:00
   OverSubscribe=NO Contiguous=0 Licenses=(null) Network=(null)
   Command=/gpfs/fs0/scratch/l/lcl_uotiscscc/lcl_uotiscsccs1041/GPAW/test2/gpaw_copper.sh
   WorkDir=/gpfs/fs0/scratch/l/lcl_uotiscscc/lcl_uotiscsccs1041/GPAW/test2
   StdErr=/gpfs/fs0/scratch/l/lcl_uotiscscc/lcl_uotiscsccs1041/GPAW/test2/slurm-5414048.out
   StdIn=/dev/null
   StdOut=/gpfs/fs0/scratch/l/lcl_uotiscscc/lcl_uotiscsccs1041/GPAW/test2/slurm-5414048.out
   Power=
   MailUser=lcl_uotiscsccs1041@scinet.local MailType=NONE

sacct -j 5414048
       JobID    JobName    Account    Elapsed  MaxVMSize     MaxRSS  SystemCPU    UserCPU ExitCode 
------------ ---------- ---------- ---------- ---------- ---------- ---------- ---------- -------- 
5414048      gpaw_copp+ lcl-uotis+   00:10:06                        06:52.103 1-01:28:11      0:0 
5414048.bat+      batch lcl-uotis+   00:10:06    681812K     11948K  00:00.240  00:00.269      0:0 
5414048.ext+     extern lcl-uotis+   00:10:06    138360K      1064K   00:00:00   00:00:00      0:0 
5414048.0    hydra_bst+ lcl-uotis+   00:09:53 514664052K  69098396K  06:51.862 1-01:28:11      0:0 

kernel messages produced during job executions:
[May26 14:32] perf: interrupt took too long (2509 > 2500), lowering kernel.perf_event_max_sample_rate to 79000
[May26 14:34] perf: interrupt took too long (3180 > 3136), lowering kernel.perf_event_max_sample_rate to 62000
